***  Installation Started 09/05/2012 10:40  ***
Title: PropMania 1.0 Installation
Source: C:\Users\hesham\Documents\Education\stockton\CSIS 3222 Database Systems\Group Project\Dropbox\CSIS3222\Check out my game\001029_2128\PropMania.EXE
Made Dir: C:\Program Files (x86)\FasLabs
Made Dir: C:\Program Files (x86)\FasLabs\PropMania 1.0
File Copy: C:\Program Files (x86)\FasLabs\PropMania 1.0\UNWISE.EXE
RegDB Key: Software\Microsoft\Windows\CurrentVersion\Uninstall\PropMania 1.0
RegDB Val: PropMania 1.0
RegDB Name: DisplayName
RegDB Root: 2
RegDB Key: Software\Microsoft\Windows\CurrentVersion\Uninstall\PropMania 1.0
RegDB Val: C:\PROGRA~2\FasLabs\PROPMA~1.0\UNWISE.EXE C:\PROGRA~2\FasLabs\PROPMA~1.0\INSTALL.LOG
RegDB Name: UninstallString
RegDB Root: 2
File Copy: C:\Program Files (x86)\FasLabs\PropMania 1.0\MacroMedia.dxr
File Copy: C:\Program Files (x86)\FasLabs\PropMania 1.0\Credits.dxr
File Copy: C:\Program Files (x86)\FasLabs\PropMania 1.0\Tutorial.dxr
Made Dir: C:\Program Files (x86)\FasLabs\PropMania 1.0\Users
File Copy: C:\Program Files (x86)\FasLabs\PropMania 1.0\Users\UserInfo.hes
File Copy: C:\Program Files (x86)\FasLabs\PropMania 1.0\Practice.dxr
Made Dir: C:\Program Files (x86)\FasLabs\PropMania 1.0\Xtras
File Copy: C:\Program Files (x86)\FasLabs\PropMania 1.0\Xtras\FileIo.x32
File Copy: C:\Program Files (x86)\FasLabs\PropMania 1.0\Xtras\Mui Dialog.x32
File Copy: C:\Program Files (x86)\FasLabs\PropMania 1.0\Xtras\Animated GIF Asset.x32
File Copy: C:\Program Files (x86)\FasLabs\PropMania 1.0\Xtras\Animated GIF Options.x32
File Copy: C:\Program Files (x86)\FasLabs\PropMania 1.0\Xtras\GIF Agent.x32
File Copy: C:\Program Files (x86)\FasLabs\PropMania 1.0\Xtras\Text Asset.x32
File Copy: C:\Program Files (x86)\FasLabs\PropMania 1.0\Xtras\TextAuth.x32
File Copy: C:\Program Files (x86)\FasLabs\PropMania 1.0\Xtras\TextXtra.x32
File Copy: C:\Program Files (x86)\FasLabs\PropMania 1.0\Xtras\Vector Editor Xtra.x32
File Copy: C:\Program Files (x86)\FasLabs\PropMania 1.0\Xtras\ShapeXtra.x32
File Copy: C:\Program Files (x86)\FasLabs\PropMania 1.0\Xtras\Flash Asset.x32
Made Dir: C:\Program Files (x86)\FasLabs\PropMania 1.0\Help
File Copy: C:\Program Files (x86)\FasLabs\PropMania 1.0\Help\Chips manipulation.htm
File Copy: C:\Program Files (x86)\FasLabs\PropMania 1.0\Help\FirstPage.htm
File Copy: C:\Program Files (x86)\FasLabs\PropMania 1.0\Help\Getting Started.htm
File Copy: C:\Program Files (x86)\FasLabs\PropMania 1.0\Help\NavigationFrame.htm
File Copy: C:\Program Files (x86)\FasLabs\PropMania 1.0\Help\PropGame First.htm
File Copy: C:\Program Files (x86)\FasLabs\PropMania 1.0\Help\changing_game_options.htm
File Copy: C:\Program Files (x86)\FasLabs\PropMania 1.0\Help\database_section_of_the_game 1st time.htm
File Copy: C:\Program Files (x86)\FasLabs\PropMania 1.0\Help\database_section_of_the_game Returning.htm
File Copy: C:\Program Files (x86)\FasLabs\PropMania 1.0\Help\database_section_of_the_game.htm
File Copy: C:\Program Files (x86)\FasLabs\PropMania 1.0\Help\default.asp
File Copy: C:\Program Files (x86)\FasLabs\PropMania 1.0\Help\global.asa
File Copy: C:\Program Files (x86)\FasLabs\PropMania 1.0\Help\newroll.htm
File Copy: C:\Program Files (x86)\FasLabs\PropMania 1.0\Help\outline.js
File Copy: C:\Program Files (x86)\FasLabs\PropMania 1.0\Help\practice_by_bet.htm
File Copy: C:\Program Files (x86)\FasLabs\PropMania 1.0\Help\prop_calculator.htm
File Copy: C:\Program Files (x86)\FasLabs\PropMania 1.0\Help\pyingplayers.htm
File Copy: C:\Program Files (x86)\FasLabs\PropMania 1.0\Help\tutorial_section.htm
File Copy: C:\Program Files (x86)\FasLabs\PropMania 1.0\Help\anabull1.gif
File Copy: C:\Program Files (x86)\FasLabs\PropMania 1.0\Help\anabull2.gif
File Copy: C:\Program Files (x86)\FasLabs\PropMania 1.0\Help\anabull3.gif
File Copy: C:\Program Files (x86)\FasLabs\PropMania 1.0\Help\Breaking_StoneAge.gif
File Copy: C:\Program Files (x86)\FasLabs\PropMania 1.0\Help\Calculator_PropListDown_with_cursor.jpg
File Copy: C:\Program Files (x86)\FasLabs\PropMania 1.0\Help\Calculator_Roll_List_Down_with_Cursor.jpg
File Copy: C:\Program Files (x86)\FasLabs\PropMania 1.0\Help\Calculator_with_all_entrieswithCursor.gif
File Copy: C:\Program Files (x86)\FasLabs\PropMania 1.0\Help\Database_First_Time_user_cursorr.gif
File Copy: C:\Program Files (x86)\FasLabs\PropMania 1.0\Help\DataBase_Name_Selected.gif
File Copy: C:\Program Files (x86)\FasLabs\PropMania 1.0\Help\database_start.gif
File Copy: C:\Program Files (x86)\FasLabs\PropMania 1.0\Help\Draged_stack_of_chipswith_cursor.gif
File Copy: C:\Program Files (x86)\FasLabs\PropMania 1.0\Help\nabkgnd.jpg
File Copy: C:\Program Files (x86)\FasLabs\PropMania 1.0\Help\Options_Dialog_box_with_cursor.gif
File Copy: C:\Program Files (x86)\FasLabs\PropMania 1.0\Help\PracticeByBeListDown_with_Cursor.gif
File Copy: C:\Program Files (x86)\FasLabs\PropMania 1.0\Help\PracticeByBetAceDeuceYo_with_Cursor.gif
File Copy: C:\Program Files (x86)\FasLabs\PropMania 1.0\Help\PropGaame-Expanded_bet_and_hilited_playe_with_cursorOn_bet.gif
File Copy: C:\Program Files (x86)\FasLabs\PropMania 1.0\Help\PropGaame-Expanded_bet_and_hilited_player.jpg
File Copy: C:\Program Files (x86)\FasLabs\PropMania 1.0\Help\PropGame_HilitedPlayer_Expanded_bet_Answers_Entered_with_cursor.gif
File Copy: C:\Program Files (x86)\FasLabs\PropMania 1.0\Help\PropGame_MousePositioned_on_a_bet_with_a_cursor.gif
File Copy: C:\Program Files (x86)\FasLabs\PropMania 1.0\Help\PropGame_with_Cursor.gif
File Copy: C:\Program Files (x86)\FasLabs\PropMania 1.0\Help\PropTutorial_with_dice.jpg
File Copy: C:\Program Files (x86)\FasLabs\PropMania 1.0\Help\Tutoria_with_cursorl.gif
File Copy: C:\Program Files (x86)\FasLabs\PropMania 1.0\Help\Weclome_to_PropMania.gif
File Copy: C:\Program Files (x86)\FasLabs\PropMania 1.0\Help\Logo12.gif
File Copy: C:\Program Files (x86)\FasLabs\PropMania 1.0\Help\websitebgnd3.jpg
File Copy: C:\Program Files (x86)\FasLabs\PropMania 1.0\Help\atecbul1.gif
File Copy: C:\Program Files (x86)\FasLabs\PropMania 1.0\Help\atecbul2.gif
File Copy: C:\Program Files (x86)\FasLabs\PropMania 1.0\Help\atecbul3.gif
File Copy: C:\Program Files (x86)\FasLabs\PropMania 1.0\Help\atecrule.gif
File Copy: C:\Program Files (x86)\FasLabs\PropMania 1.0\Help\myga1111.css
File Copy: C:\Program Files (x86)\FasLabs\PropMania 1.0\Help\help.html
Made Dir: C:\Program Files (x86)\FasLabs\PropMania 1.0\player1
File Copy: C:\Program Files (x86)\FasLabs\PropMania 1.0\player1\Each.wav
File Copy: C:\Program Files (x86)\FasLabs\PropMania 1.0\player1\seven.wav
File Copy: C:\Program Files (x86)\FasLabs\PropMania 1.0\player1\020.wav
File Copy: C:\Program Files (x86)\FasLabs\PropMania 1.0\player1\HiLoYo.wav
File Copy: C:\Program Files (x86)\FasLabs\PropMania 1.0\player1\HH3.wav
File Copy: C:\Program Files (x86)\FasLabs\PropMania 1.0\player1\yo.wav
File Copy: C:\Program Files (x86)\FasLabs\PropMania 1.0\player1\2.wav
File Copy: C:\Program Files (x86)\FasLabs\PropMania 1.0\player1\horn.wav
File Copy: C:\Program Files (x86)\FasLabs\PropMania 1.0\player1\HH12.wav
File Copy: C:\Program Files (x86)\FasLabs\PropMania 1.0\player1\HH2.wav
File Copy: C:\Program Files (x86)\FasLabs\PropMania 1.0\player1\SevenEleven.wav
File Copy: C:\Program Files (x86)\FasLabs\PropMania 1.0\player1\CE7.wav
File Copy: C:\Program Files (x86)\FasLabs\PropMania 1.0\player1\12.wav
File Copy: C:\Program Files (x86)\FasLabs\PropMania 1.0\player1\CE12.wav
File Copy: C:\Program Files (x86)\FasLabs\PropMania 1.0\player1\11.wav
File Copy: C:\Program Files (x86)\FasLabs\PropMania 1.0\player1\9.wav
File Copy: C:\Program Files (x86)\FasLabs\PropMania 1.0\player1\world.wav
File Copy: C:\Program Files (x86)\FasLabs\PropMania 1.0\player1\CrapSeven.wav
File Copy: C:\Program Files (x86)\FasLabs\PropMania 1.0\player1\4.wav
File Copy: C:\Program Files (x86)\FasLabs\PropMania 1.0\player1\Twelve.wav
File Copy: C:\Program Files (x86)\FasLabs\PropMania 1.0\player1\18.wav
File Copy: C:\Program Files (x86)\FasLabs\PropMania 1.0\player1\AcedeuceYo.wav
File Copy: C:\Program Files (x86)\FasLabs\PropMania 1.0\player1\040.wav
File Copy: C:\Program Files (x86)\FasLabs\PropMania 1.0\player1\AceDeuce.wav
File Copy: C:\Program Files (x86)\FasLabs\PropMania 1.0\player1\100.wav
File Copy: C:\Program Files (x86)\FasLabs\PropMania 1.0\player1\AcesAcedeuce.wav
File Copy: C:\Program Files (x86)\FasLabs\PropMania 1.0\player1\6.wav
File Copy: C:\Program Files (x86)\FasLabs\PropMania 1.0\player1\ThreeWayCraps.wav
File Copy: C:\Program Files (x86)\FasLabs\PropMania 1.0\player1\13.wav
File Copy: C:\Program Files (x86)\FasLabs\PropMania 1.0\player1\Aces.wav
File Copy: C:\Program Files (x86)\FasLabs\PropMania 1.0\player1\060.wav
File Copy: C:\Program Files (x86)\FasLabs\PropMania 1.0\player1\AnyCraps.wav
File Copy: C:\Program Files (x86)\FasLabs\PropMania 1.0\player1\CE.wav
File Copy: C:\Program Files (x86)\FasLabs\PropMania 1.0\player1\HiLo.wav
File Copy: C:\Program Files (x86)\FasLabs\PropMania 1.0\player1\HHYo.wav
File Copy: C:\Program Files (x86)\FasLabs\PropMania 1.0\player1\dollar.wav
File Copy: C:\Program Files (x86)\FasLabs\PropMania 1.0\player1\8.wav
File Copy: C:\Program Files (x86)\FasLabs\PropMania 1.0\player1\CrapsHiLo.wav
File Copy: C:\Program Files (x86)\FasLabs\PropMania 1.0\player1\1.wav
File Copy: C:\Program Files (x86)\FasLabs\PropMania 1.0\player1\ElevenTwelve.wav
File Copy: C:\Program Files (x86)\FasLabs\PropMania 1.0\player1\3.wav
File Copy: C:\Program Files (x86)\FasLabs\PropMania 1.0\player1\5.wav
File Copy: C:\Program Files (x86)\FasLabs\PropMania 1.0\player1\070.wav
File Copy: C:\Program Files (x86)\FasLabs\PropMania 1.0\player1\7.wav
File Copy: C:\Program Files (x86)\FasLabs\PropMania 1.0\player1\080.wav
File Copy: C:\Program Files (x86)\FasLabs\PropMania 1.0\player1\10.wav
File Copy: C:\Program Files (x86)\FasLabs\PropMania 1.0\player1\090.wav
File Copy: C:\Program Files (x86)\FasLabs\PropMania 1.0\player1\14.wav
File Copy: C:\Program Files (x86)\FasLabs\PropMania 1.0\player1\15.wav
File Copy: C:\Program Files (x86)\FasLabs\PropMania 1.0\player1\16.wav
File Copy: C:\Program Files (x86)\FasLabs\PropMania 1.0\player1\17.wav
File Copy: C:\Program Files (x86)\FasLabs\PropMania 1.0\player1\19.wav
File Copy: C:\Program Files (x86)\FasLabs\PropMania 1.0\player1\050.wav
File Copy: C:\Program Files (x86)\FasLabs\PropMania 1.0\player1\030.wav
File Copy: C:\Program Files (x86)\FasLabs\PropMania 1.0\player1\1000.wav
File Copy: C:\Program Files (x86)\FasLabs\PropMania 1.0\player1\chip.wav
Made Dir: C:\Program Files (x86)\FasLabs\PropMania 1.0\Player2
File Copy: C:\Program Files (x86)\FasLabs\PropMania 1.0\Player2\2.wav
File Copy: C:\Program Files (x86)\FasLabs\PropMania 1.0\Player2\CE12.wav
File Copy: C:\Program Files (x86)\FasLabs\PropMania 1.0\Player2\3.wav
File Copy: C:\Program Files (x86)\FasLabs\PropMania 1.0\Player2\4.wav
File Copy: C:\Program Files (x86)\FasLabs\PropMania 1.0\Player2\5.wav
File Copy: C:\Program Files (x86)\FasLabs\PropMania 1.0\Player2\1.wav
File Copy: C:\Program Files (x86)\FasLabs\PropMania 1.0\Player2\7.wav
File Copy: C:\Program Files (x86)\FasLabs\PropMania 1.0\Player2\8.wav
File Copy: C:\Program Files (x86)\FasLabs\PropMania 1.0\Player2\9.wav
File Copy: C:\Program Files (x86)\FasLabs\PropMania 1.0\Player2\10.wav
File Copy: C:\Program Files (x86)\FasLabs\PropMania 1.0\Player2\11.wav
File Copy: C:\Program Files (x86)\FasLabs\PropMania 1.0\Player2\12.wav
File Copy: C:\Program Files (x86)\FasLabs\PropMania 1.0\Player2\13.wav
File Copy: C:\Program Files (x86)\FasLabs\PropMania 1.0\Player2\14.wav
File Copy: C:\Program Files (x86)\FasLabs\PropMania 1.0\Player2\15.wav
File Copy: C:\Program Files (x86)\FasLabs\PropMania 1.0\Player2\16.wav
File Copy: C:\Program Files (x86)\FasLabs\PropMania 1.0\Player2\17.wav
File Copy: C:\Program Files (x86)\FasLabs\PropMania 1.0\Player2\18.wav
File Copy: C:\Program Files (x86)\FasLabs\PropMania 1.0\Player2\19.wav
File Copy: C:\Program Files (x86)\FasLabs\PropMania 1.0\Player2\020.wav
File Copy: C:\Program Files (x86)\FasLabs\PropMania 1.0\Player2\Anycraps.wav
File Copy: C:\Program Files (x86)\FasLabs\PropMania 1.0\Player2\030.wav
File Copy: C:\Program Files (x86)\FasLabs\PropMania 1.0\Player2\040.wav
File Copy: C:\Program Files (x86)\FasLabs\PropMania 1.0\Player2\050.wav
File Copy: C:\Program Files (x86)\FasLabs\PropMania 1.0\Player2\060.wav
File Copy: C:\Program Files (x86)\FasLabs\PropMania 1.0\Player2\070.wav
File Copy: C:\Program Files (x86)\FasLabs\PropMania 1.0\Player2\080.wav
File Copy: C:\Program Files (x86)\FasLabs\PropMania 1.0\Player2\090.wav
File Copy: C:\Program Files (x86)\FasLabs\PropMania 1.0\Player2\100.wav
File Copy: C:\Program Files (x86)\FasLabs\PropMania 1.0\Player2\1000.wav
File Copy: C:\Program Files (x86)\FasLabs\PropMania 1.0\Player2\Dollar.wav
File Copy: C:\Program Files (x86)\FasLabs\PropMania 1.0\Player2\each.wav
File Copy: C:\Program Files (x86)\FasLabs\PropMania 1.0\Player2\seven.wav
File Copy: C:\Program Files (x86)\FasLabs\PropMania 1.0\Player2\yo.wav
File Copy: C:\Program Files (x86)\FasLabs\PropMania 1.0\Player2\twelve.wav
File Copy: C:\Program Files (x86)\FasLabs\PropMania 1.0\Player2\aces.wav
File Copy: C:\Program Files (x86)\FasLabs\PropMania 1.0\Player2\acedeuce.wav
File Copy: C:\Program Files (x86)\FasLabs\PropMania 1.0\Player2\hhyo.wav
File Copy: C:\Program Files (x86)\FasLabs\PropMania 1.0\Player2\hh12.wav
File Copy: C:\Program Files (x86)\FasLabs\PropMania 1.0\Player2\hh3.wav
File Copy: C:\Program Files (x86)\FasLabs\PropMania 1.0\Player2\hh2.wav
File Copy: C:\Program Files (x86)\FasLabs\PropMania 1.0\Player2\world.wav
File Copy: C:\Program Files (x86)\FasLabs\PropMania 1.0\Player2\horn.wav
File Copy: C:\Program Files (x86)\FasLabs\PropMania 1.0\Player2\hilo.wav
File Copy: C:\Program Files (x86)\FasLabs\PropMania 1.0\Player2\acedeuceyo.wav
File Copy: C:\Program Files (x86)\FasLabs\PropMania 1.0\Player2\ce.wav
File Copy: C:\Program Files (x86)\FasLabs\PropMania 1.0\Player2\hiloyo.wav
File Copy: C:\Program Files (x86)\FasLabs\PropMania 1.0\Player2\threewaycraps.wav
File Copy: C:\Program Files (x86)\FasLabs\PropMania 1.0\Player2\acesacedeuce.wav
File Copy: C:\Program Files (x86)\FasLabs\PropMania 1.0\Player2\crapseven.wav
File Copy: C:\Program Files (x86)\FasLabs\PropMania 1.0\Player2\crapshilo.wav
File Copy: C:\Program Files (x86)\FasLabs\PropMania 1.0\Player2\CE7.wav
File Copy: C:\Program Files (x86)\FasLabs\PropMania 1.0\Player2\ElevenTwelve.wav
File Copy: C:\Program Files (x86)\FasLabs\PropMania 1.0\Player2\6.wav
File Copy: C:\Program Files (x86)\FasLabs\PropMania 1.0\Player2\seveneleven.wav
Made Dir: C:\Program Files (x86)\FasLabs\PropMania 1.0\Player3
File Copy: C:\Program Files (x86)\FasLabs\PropMania 1.0\Player3\1.wav
File Copy: C:\Program Files (x86)\FasLabs\PropMania 1.0\Player3\Seven.wav
File Copy: C:\Program Files (x86)\FasLabs\PropMania 1.0\Player3\2.wav
File Copy: C:\Program Files (x86)\FasLabs\PropMania 1.0\Player3\3.wav
File Copy: C:\Program Files (x86)\FasLabs\PropMania 1.0\Player3\4.wav
File Copy: C:\Program Files (x86)\FasLabs\PropMania 1.0\Player3\5.wav
File Copy: C:\Program Files (x86)\FasLabs\PropMania 1.0\Player3\6.wav
File Copy: C:\Program Files (x86)\FasLabs\PropMania 1.0\Player3\7.wav
File Copy: C:\Program Files (x86)\FasLabs\PropMania 1.0\Player3\8.wav
File Copy: C:\Program Files (x86)\FasLabs\PropMania 1.0\Player3\9.wav
File Copy: C:\Program Files (x86)\FasLabs\PropMania 1.0\Player3\10.wav
File Copy: C:\Program Files (x86)\FasLabs\PropMania 1.0\Player3\11.wav
File Copy: C:\Program Files (x86)\FasLabs\PropMania 1.0\Player3\12.wav
File Copy: C:\Program Files (x86)\FasLabs\PropMania 1.0\Player3\13.wav
File Copy: C:\Program Files (x86)\FasLabs\PropMania 1.0\Player3\14.wav
File Copy: C:\Program Files (x86)\FasLabs\PropMania 1.0\Player3\15.wav
File Copy: C:\Program Files (x86)\FasLabs\PropMania 1.0\Player3\16.wav
File Copy: C:\Program Files (x86)\FasLabs\PropMania 1.0\Player3\17.wav
File Copy: C:\Program Files (x86)\FasLabs\PropMania 1.0\Player3\18.wav
File Copy: C:\Program Files (x86)\FasLabs\PropMania 1.0\Player3\19.wav
File Copy: C:\Program Files (x86)\FasLabs\PropMania 1.0\Player3\020.wav
File Copy: C:\Program Files (x86)\FasLabs\PropMania 1.0\Player3\030.wav
File Copy: C:\Program Files (x86)\FasLabs\PropMania 1.0\Player3\040.wav
File Copy: C:\Program Files (x86)\FasLabs\PropMania 1.0\Player3\050.wav
File Copy: C:\Program Files (x86)\FasLabs\PropMania 1.0\Player3\060.wav
File Copy: C:\Program Files (x86)\FasLabs\PropMania 1.0\Player3\070.wav
File Copy: C:\Program Files (x86)\FasLabs\PropMania 1.0\Player3\080.wav
File Copy: C:\Program Files (x86)\FasLabs\PropMania 1.0\Player3\090.wav
File Copy: C:\Program Files (x86)\FasLabs\PropMania 1.0\Player3\100.wav
File Copy: C:\Program Files (x86)\FasLabs\PropMania 1.0\Player3\1000.wav
File Copy: C:\Program Files (x86)\FasLabs\PropMania 1.0\Player3\dollar.wav
File Copy: C:\Program Files (x86)\FasLabs\PropMania 1.0\Player3\each.wav
File Copy: C:\Program Files (x86)\FasLabs\PropMania 1.0\Player3\Yo.wav
File Copy: C:\Program Files (x86)\FasLabs\PropMania 1.0\Player3\twelve.wav
File Copy: C:\Program Files (x86)\FasLabs\PropMania 1.0\Player3\AceDeuce.wav
File Copy: C:\Program Files (x86)\FasLabs\PropMania 1.0\Player3\Aces.wav
File Copy: C:\Program Files (x86)\FasLabs\PropMania 1.0\Player3\ElevenTwelve.wav
File Copy: C:\Program Files (x86)\FasLabs\PropMania 1.0\Player3\HiLo.wav
File Copy: C:\Program Files (x86)\FasLabs\PropMania 1.0\Player3\AcedeuceYo.wav
File Copy: C:\Program Files (x86)\FasLabs\PropMania 1.0\Player3\AcesAcedeuce.wav
File Copy: C:\Program Files (x86)\FasLabs\PropMania 1.0\Player3\SevenEleven.wav
File Copy: C:\Program Files (x86)\FasLabs\PropMania 1.0\Player3\HiLoYo.wav
File Copy: C:\Program Files (x86)\FasLabs\PropMania 1.0\Player3\ThreeWayCraps.wav
File Copy: C:\Program Files (x86)\FasLabs\PropMania 1.0\Player3\AnyCraps.wav
File Copy: C:\Program Files (x86)\FasLabs\PropMania 1.0\Player3\CE.wav
File Copy: C:\Program Files (x86)\FasLabs\PropMania 1.0\Player3\CrapSeven.wav
File Copy: C:\Program Files (x86)\FasLabs\PropMania 1.0\Player3\CE7.wav
File Copy: C:\Program Files (x86)\FasLabs\PropMania 1.0\Player3\CrapsHiLo.wav
File Copy: C:\Program Files (x86)\FasLabs\PropMania 1.0\Player3\HHYo.wav
File Copy: C:\Program Files (x86)\FasLabs\PropMania 1.0\Player3\HH12.wav
File Copy: C:\Program Files (x86)\FasLabs\PropMania 1.0\Player3\HH3.wav
File Copy: C:\Program Files (x86)\FasLabs\PropMania 1.0\Player3\HH2.wav
File Copy: C:\Program Files (x86)\FasLabs\PropMania 1.0\Player3\World.wav
File Copy: C:\Program Files (x86)\FasLabs\PropMania 1.0\Player3\Horn.wav
File Copy: C:\Program Files (x86)\FasLabs\PropMania 1.0\Player3\CE12.wav
Made Dir: C:\Program Files (x86)\FasLabs\PropMania 1.0\player4
File Copy: C:\Program Files (x86)\FasLabs\PropMania 1.0\player4\020.wav
File Copy: C:\Program Files (x86)\FasLabs\PropMania 1.0\player4\030.wav
File Copy: C:\Program Files (x86)\FasLabs\PropMania 1.0\player4\040.wav
File Copy: C:\Program Files (x86)\FasLabs\PropMania 1.0\player4\050.wav
File Copy: C:\Program Files (x86)\FasLabs\PropMania 1.0\player4\060.wav
File Copy: C:\Program Files (x86)\FasLabs\PropMania 1.0\player4\070.wav
File Copy: C:\Program Files (x86)\FasLabs\PropMania 1.0\player4\080.wav
File Copy: C:\Program Files (x86)\FasLabs\PropMania 1.0\player4\090.wav
File Copy: C:\Program Files (x86)\FasLabs\PropMania 1.0\player4\1.wav
File Copy: C:\Program Files (x86)\FasLabs\PropMania 1.0\player4\10.wav
File Copy: C:\Program Files (x86)\FasLabs\PropMania 1.0\player4\100.wav
File Copy: C:\Program Files (x86)\FasLabs\PropMania 1.0\player4\1000.wav
File Copy: C:\Program Files (x86)\FasLabs\PropMania 1.0\player4\10000.wav
File Copy: C:\Program Files (x86)\FasLabs\PropMania 1.0\player4\Dollar.wav
File Copy: C:\Program Files (x86)\FasLabs\PropMania 1.0\player4\11.wav
File Copy: C:\Program Files (x86)\FasLabs\PropMania 1.0\player4\12.wav
File Copy: C:\Program Files (x86)\FasLabs\PropMania 1.0\player4\SevenEleven.wav
File Copy: C:\Program Files (x86)\FasLabs\PropMania 1.0\player4\13.wav
File Copy: C:\Program Files (x86)\FasLabs\PropMania 1.0\player4\14.wav
File Copy: C:\Program Files (x86)\FasLabs\PropMania 1.0\player4\15.wav
File Copy: C:\Program Files (x86)\FasLabs\PropMania 1.0\player4\16.wav
File Copy: C:\Program Files (x86)\FasLabs\PropMania 1.0\player4\17.wav
File Copy: C:\Program Files (x86)\FasLabs\PropMania 1.0\player4\18.wav
File Copy: C:\Program Files (x86)\FasLabs\PropMania 1.0\player4\19.wav
File Copy: C:\Program Files (x86)\FasLabs\PropMania 1.0\player4\2.wav
File Copy: C:\Program Files (x86)\FasLabs\PropMania 1.0\player4\3.wav
File Copy: C:\Program Files (x86)\FasLabs\PropMania 1.0\player4\4.wav
File Copy: C:\Program Files (x86)\FasLabs\PropMania 1.0\player4\5.wav
File Copy: C:\Program Files (x86)\FasLabs\PropMania 1.0\player4\6.wav
File Copy: C:\Program Files (x86)\FasLabs\PropMania 1.0\player4\7.wav
File Copy: C:\Program Files (x86)\FasLabs\PropMania 1.0\player4\8.wav
File Copy: C:\Program Files (x86)\FasLabs\PropMania 1.0\player4\9.wav
File Copy: C:\Program Files (x86)\FasLabs\PropMania 1.0\player4\AceDeuce.wav
File Copy: C:\Program Files (x86)\FasLabs\PropMania 1.0\player4\AcedeuceYo.wav
File Copy: C:\Program Files (x86)\FasLabs\PropMania 1.0\player4\Aces.wav
File Copy: C:\Program Files (x86)\FasLabs\PropMania 1.0\player4\AcesAcedeuce.wav
File Copy: C:\Program Files (x86)\FasLabs\PropMania 1.0\player4\AnyCraps.wav
File Copy: C:\Program Files (x86)\FasLabs\PropMania 1.0\player4\CE.wav
File Copy: C:\Program Files (x86)\FasLabs\PropMania 1.0\player4\CE12.wav
File Copy: C:\Program Files (x86)\FasLabs\PropMania 1.0\player4\CE7.wav
File Copy: C:\Program Files (x86)\FasLabs\PropMania 1.0\player4\CrapsHiLo.wav
File Copy: C:\Program Files (x86)\FasLabs\PropMania 1.0\player4\HHYo.wav
File Copy: C:\Program Files (x86)\FasLabs\PropMania 1.0\player4\CrapSeven.wav
File Copy: C:\Program Files (x86)\FasLabs\PropMania 1.0\player4\Each.wav
File Copy: C:\Program Files (x86)\FasLabs\PropMania 1.0\player4\ElevenTwelve.wav
File Copy: C:\Program Files (x86)\FasLabs\PropMania 1.0\player4\HH12.wav
File Copy: C:\Program Files (x86)\FasLabs\PropMania 1.0\player4\hh2.wav
File Copy: C:\Program Files (x86)\FasLabs\PropMania 1.0\player4\hh3.wav
File Copy: C:\Program Files (x86)\FasLabs\PropMania 1.0\player4\HiLo.wav
File Copy: C:\Program Files (x86)\FasLabs\PropMania 1.0\player4\HiLoYo.wav
File Copy: C:\Program Files (x86)\FasLabs\PropMania 1.0\player4\Horn.wav
File Copy: C:\Program Files (x86)\FasLabs\PropMania 1.0\player4\Twelve.wav
File Copy: C:\Program Files (x86)\FasLabs\PropMania 1.0\player4\World.wav
File Copy: C:\Program Files (x86)\FasLabs\PropMania 1.0\player4\Yo.wav
File Copy: C:\Program Files (x86)\FasLabs\PropMania 1.0\player4\ThreeWayCraps.wav
File Copy: C:\Program Files (x86)\FasLabs\PropMania 1.0\player4\Seven.wav
Made Dir: C:\Program Files (x86)\FasLabs\PropMania 1.0\player5
File Copy: C:\Program Files (x86)\FasLabs\PropMania 1.0\player5\1.wav
File Copy: C:\Program Files (x86)\FasLabs\PropMania 1.0\player5\seven.wav
File Copy: C:\Program Files (x86)\FasLabs\PropMania 1.0\player5\2.wav
File Copy: C:\Program Files (x86)\FasLabs\PropMania 1.0\player5\3.wav
File Copy: C:\Program Files (x86)\FasLabs\PropMania 1.0\player5\4.wav
File Copy: C:\Program Files (x86)\FasLabs\PropMania 1.0\player5\5.wav
File Copy: C:\Program Files (x86)\FasLabs\PropMania 1.0\player5\6.wav
File Copy: C:\Program Files (x86)\FasLabs\PropMania 1.0\player5\7.wav
File Copy: C:\Program Files (x86)\FasLabs\PropMania 1.0\player5\8.wav
File Copy: C:\Program Files (x86)\FasLabs\PropMania 1.0\player5\9.wav
File Copy: C:\Program Files (x86)\FasLabs\PropMania 1.0\player5\10.wav
File Copy: C:\Program Files (x86)\FasLabs\PropMania 1.0\player5\11.wav
File Copy: C:\Program Files (x86)\FasLabs\PropMania 1.0\player5\12.wav
File Copy: C:\Program Files (x86)\FasLabs\PropMania 1.0\player5\13.wav
File Copy: C:\Program Files (x86)\FasLabs\PropMania 1.0\player5\14.wav
File Copy: C:\Program Files (x86)\FasLabs\PropMania 1.0\player5\15.wav
File Copy: C:\Program Files (x86)\FasLabs\PropMania 1.0\player5\16.wav
File Copy: C:\Program Files (x86)\FasLabs\PropMania 1.0\player5\17.wav
File Copy: C:\Program Files (x86)\FasLabs\PropMania 1.0\player5\19.wav
File Copy: C:\Program Files (x86)\FasLabs\PropMania 1.0\player5\020.wav
File Copy: C:\Program Files (x86)\FasLabs\PropMania 1.0\player5\030.wav
File Copy: C:\Program Files (x86)\FasLabs\PropMania 1.0\player5\18.wav
File Copy: C:\Program Files (x86)\FasLabs\PropMania 1.0\player5\050.wav
File Copy: C:\Program Files (x86)\FasLabs\PropMania 1.0\player5\060.wav
File Copy: C:\Program Files (x86)\FasLabs\PropMania 1.0\player5\070.wav
File Copy: C:\Program Files (x86)\FasLabs\PropMania 1.0\player5\080.wav
File Copy: C:\Program Files (x86)\FasLabs\PropMania 1.0\player5\090.wav
File Copy: C:\Program Files (x86)\FasLabs\PropMania 1.0\player5\100.wav
File Copy: C:\Program Files (x86)\FasLabs\PropMania 1.0\player5\1000.wav
File Copy: C:\Program Files (x86)\FasLabs\PropMania 1.0\player5\dollar.wav
File Copy: C:\Program Files (x86)\FasLabs\PropMania 1.0\player5\each.wav
File Copy: C:\Program Files (x86)\FasLabs\PropMania 1.0\player5\AnyCraps.wav
File Copy: C:\Program Files (x86)\FasLabs\PropMania 1.0\player5\CE.wav
File Copy: C:\Program Files (x86)\FasLabs\PropMania 1.0\player5\crapSeven.wav
File Copy: C:\Program Files (x86)\FasLabs\PropMania 1.0\player5\CE12.wav
File Copy: C:\Program Files (x86)\FasLabs\PropMania 1.0\player5\CE7.wav
File Copy: C:\Program Files (x86)\FasLabs\PropMania 1.0\player5\CrapsHiLo.wav
File Copy: C:\Program Files (x86)\FasLabs\PropMania 1.0\player5\HHYo.wav
File Copy: C:\Program Files (x86)\FasLabs\PropMania 1.0\player5\HH12.wav
File Copy: C:\Program Files (x86)\FasLabs\PropMania 1.0\player5\HH3.wav
File Copy: C:\Program Files (x86)\FasLabs\PropMania 1.0\player5\HH2.wav
File Copy: C:\Program Files (x86)\FasLabs\PropMania 1.0\player5\World.wav
File Copy: C:\Program Files (x86)\FasLabs\PropMania 1.0\player5\Horn.wav
File Copy: C:\Program Files (x86)\FasLabs\PropMania 1.0\player5\HILO.wav
File Copy: C:\Program Files (x86)\FasLabs\PropMania 1.0\player5\AcesAceDeuceYo.wav
File Copy: C:\Program Files (x86)\FasLabs\PropMania 1.0\player5\Aces.wav
File Copy: C:\Program Files (x86)\FasLabs\PropMania 1.0\player5\040.wav
File Copy: C:\Program Files (x86)\FasLabs\PropMania 1.0\player5\SevenEleven.wav
File Copy: C:\Program Files (x86)\FasLabs\PropMania 1.0\player5\HILOYO.wav
File Copy: C:\Program Files (x86)\FasLabs\PropMania 1.0\player5\ThreeWayCraps.wav
File Copy: C:\Program Files (x86)\FasLabs\PropMania 1.0\player5\AceDeuce.wav
File Copy: C:\Program Files (x86)\FasLabs\PropMania 1.0\player5\YO.wav
File Copy: C:\Program Files (x86)\FasLabs\PropMania 1.0\player5\Twelve.wav
File Copy: C:\Program Files (x86)\FasLabs\PropMania 1.0\player5\StickCall.wav
File Copy: C:\Program Files (x86)\FasLabs\PropMania 1.0\player5\AceDeuceYo.wav
File Copy: C:\Program Files (x86)\FasLabs\PropMania 1.0\player5\AcesAceDeuce.wav
File Copy: C:\Program Files (x86)\FasLabs\PropMania 1.0\player5\ElevenTwelve.wav
Made Dir: C:\Program Files (x86)\FasLabs\PropMania 1.0\Player6
File Copy: C:\Program Files (x86)\FasLabs\PropMania 1.0\Player6\seven.wav
File Copy: C:\Program Files (x86)\FasLabs\PropMania 1.0\Player6\CE12.wav
File Copy: C:\Program Files (x86)\FasLabs\PropMania 1.0\Player6\yo.wav
File Copy: C:\Program Files (x86)\FasLabs\PropMania 1.0\Player6\Twelve.wav
File Copy: C:\Program Files (x86)\FasLabs\PropMania 1.0\Player6\AceDeuce.wav
File Copy: C:\Program Files (x86)\FasLabs\PropMania 1.0\Player6\Aces.wav
File Copy: C:\Program Files (x86)\FasLabs\PropMania 1.0\Player6\ElevenTwelve.wav
File Copy: C:\Program Files (x86)\FasLabs\PropMania 1.0\Player6\AnyCraps.wav
File Copy: C:\Program Files (x86)\FasLabs\PropMania 1.0\Player6\CE.wav
File Copy: C:\Program Files (x86)\FasLabs\PropMania 1.0\Player6\CrapSeven.wav
File Copy: C:\Program Files (x86)\FasLabs\PropMania 1.0\Player6\CE7.wav
File Copy: C:\Program Files (x86)\FasLabs\PropMania 1.0\Player6\CrapsHiLo.wav
File Copy: C:\Program Files (x86)\FasLabs\PropMania 1.0\Player6\HiLo.wav
File Copy: C:\Program Files (x86)\FasLabs\PropMania 1.0\Player6\AceDeuceYo.wav
File Copy: C:\Program Files (x86)\FasLabs\PropMania 1.0\Player6\AcesAceDeuce.wav
File Copy: C:\Program Files (x86)\FasLabs\PropMania 1.0\Player6\SevenEleven.wav
File Copy: C:\Program Files (x86)\FasLabs\PropMania 1.0\Player6\HiLoYo.wav
File Copy: C:\Program Files (x86)\FasLabs\PropMania 1.0\Player6\ThreeWayCraps.wav
File Copy: C:\Program Files (x86)\FasLabs\PropMania 1.0\Player6\HHYo.wav
File Copy: C:\Program Files (x86)\FasLabs\PropMania 1.0\Player6\HH12.wav
File Copy: C:\Program Files (x86)\FasLabs\PropMania 1.0\Player6\HH3.wav
File Copy: C:\Program Files (x86)\FasLabs\PropMania 1.0\Player6\HH2.wav
File Copy: C:\Program Files (x86)\FasLabs\PropMania 1.0\Player6\World.wav
File Copy: C:\Program Files (x86)\FasLabs\PropMania 1.0\Player6\Horn.wav
File Copy: C:\Program Files (x86)\FasLabs\PropMania 1.0\Player6\1.wav
File Copy: C:\Program Files (x86)\FasLabs\PropMania 1.0\Player6\2.wav
File Copy: C:\Program Files (x86)\FasLabs\PropMania 1.0\Player6\3.wav
File Copy: C:\Program Files (x86)\FasLabs\PropMania 1.0\Player6\4.wav
File Copy: C:\Program Files (x86)\FasLabs\PropMania 1.0\Player6\5.wav
File Copy: C:\Program Files (x86)\FasLabs\PropMania 1.0\Player6\6.wav
File Copy: C:\Program Files (x86)\FasLabs\PropMania 1.0\Player6\7.wav
File Copy: C:\Program Files (x86)\FasLabs\PropMania 1.0\Player6\8.wav
File Copy: C:\Program Files (x86)\FasLabs\PropMania 1.0\Player6\9.wav
File Copy: C:\Program Files (x86)\FasLabs\PropMania 1.0\Player6\10.wav
File Copy: C:\Program Files (x86)\FasLabs\PropMania 1.0\Player6\11.wav
File Copy: C:\Program Files (x86)\FasLabs\PropMania 1.0\Player6\12.wav
File Copy: C:\Program Files (x86)\FasLabs\PropMania 1.0\Player6\13.wav
File Copy: C:\Program Files (x86)\FasLabs\PropMania 1.0\Player6\14.wav
File Copy: C:\Program Files (x86)\FasLabs\PropMania 1.0\Player6\15.wav
File Copy: C:\Program Files (x86)\FasLabs\PropMania 1.0\Player6\16.wav
File Copy: C:\Program Files (x86)\FasLabs\PropMania 1.0\Player6\17.wav
File Copy: C:\Program Files (x86)\FasLabs\PropMania 1.0\Player6\18.wav
File Copy: C:\Program Files (x86)\FasLabs\PropMania 1.0\Player6\19.wav
File Copy: C:\Program Files (x86)\FasLabs\PropMania 1.0\Player6\020.wav
File Copy: C:\Program Files (x86)\FasLabs\PropMania 1.0\Player6\030.wav
File Copy: C:\Program Files (x86)\FasLabs\PropMania 1.0\Player6\040.wav
File Copy: C:\Program Files (x86)\FasLabs\PropMania 1.0\Player6\050.wav
File Copy: C:\Program Files (x86)\FasLabs\PropMania 1.0\Player6\060.wav
File Copy: C:\Program Files (x86)\FasLabs\PropMania 1.0\Player6\070.wav
File Copy: C:\Program Files (x86)\FasLabs\PropMania 1.0\Player6\080.wav
File Copy: C:\Program Files (x86)\FasLabs\PropMania 1.0\Player6\090.wav
File Copy: C:\Program Files (x86)\FasLabs\PropMania 1.0\Player6\100.wav
File Copy: C:\Program Files (x86)\FasLabs\PropMania 1.0\Player6\1000.wav
File Copy: C:\Program Files (x86)\FasLabs\PropMania 1.0\Player6\Dollar.wav
File Copy: C:\Program Files (x86)\FasLabs\PropMania 1.0\Player6\Each.wav
Made Dir: C:\Program Files (x86)\FasLabs\PropMania 1.0\D7projector_dlls_installer
File Copy: C:\Program Files (x86)\FasLabs\PropMania 1.0\D7projector_dlls_installer\D7 projector dlls installer.exe
File Copy: C:\Program Files (x86)\FasLabs\PropMania 1.0\Calculator.exe
File Copy: C:\Program Files (x86)\FasLabs\PropMania 1.0\craps.dxr
File Copy: C:\Program Files (x86)\FasLabs\PropMania 1.0\Database.dxr
File Copy: C:\Program Files (x86)\FasLabs\PropMania 1.0\Intro.dxr
File Copy: C:\Program Files (x86)\FasLabs\PropMania 1.0\PropMania.exe
Made Dir: C:\Users\hesham\AppData\Roaming\Microsoft\Windows\Start Menu\Programs\FasLabs
Made Dir: C:\Users\hesham\AppData\Roaming\Microsoft\Windows\Start Menu\Programs\FasLabs\PropMania 1.0
Shell Link: C:\Users\hesham\AppData\Roaming\Microsoft\Windows\Start Menu\Programs\FasLabs\PropMania 1.0\Calculator.lnk
Shell Link: C:\Users\hesham\Desktop\PropMania.lnk
Shell Link: C:\Users\hesham\AppData\Roaming\Microsoft\Windows\Start Menu\Programs\FasLabs\PropMania 1.0\help.lnk
Shell Link: C:\Users\hesham\AppData\Roaming\Microsoft\Windows\Start Menu\Programs\FasLabs\PropMania 1.0\PropMania.lnk
INI New: Created INI
INI File: C:\Program Files (x86)\FasLabs\PropMania 1.0\UNWISE.INI
INI Sect: Settings
INI Item: No Background
INI Val: 0
User Rights: Admin
